

/******************************************************************************************
* ReadStepFile diagnostics.
* Date:                           Wed Nov 17 22:26:14 2021
* Produced by:                    The EXPRESS Data Manager Version 5.02.0100.07 : 28 Aug 2013
* Module:                         EDMstepFileFactory/EDMstandAlone
* Host:                           OKI-GBG-LT-103
* Database:                       C:\Users\OSSAMA~1.GAB\AppData\Local\Temp\03fac84b-a761-4cb0-9d6b-cd7b1d23f46c\50e4d641-8a39-4cf6-8955-3d106b16a2ce\ifc
* Database version:               5507
* Database creation date:         Wed Nov 17 22:26:14 2021
* Model to populate:              DataRepository.ifcimport
* Header model to populate:       
* Step file name:                 IFC_01.ifc
* EDMuser:                        sdai-user
* EDMgroup:                       sdai-group
* License ID and type:            5605 : Permanent license. Expiry date: 
* EDMstepFileFactory options:     010201000002
******************************************************************************************/


------------------------------------------------------------------------------------------------
 Operation terminated successfully.
------------------------------------------------------------------------------------------------

