

/******************************************************************************************
* ReadStepFile diagnostics.
* Date:                           Thu Nov 18 10:45:41 2021
* Produced by:                    The EXPRESS Data Manager Version 5.02.0100.07 : 28 Aug 2013
* Module:                         EDMstepFileFactory/EDMstandAlone
* Host:                           OKI-GBG-LT-103
* Database:                       C:\Users\OSSAMA~1.GAB\AppData\Local\Temp\7845fcfa-6b83-41a2-b387-29489ef93920\d39bcc1c-2aee-473b-a758-681d1b3bfaa7\ifc
* Database version:               5507
* Database creation date:         Thu Nov 18 10:45:41 2021
* Model to populate:              DataRepository.ifcimport
* Header model to populate:       
* Step file name:                 IFC_02.ifc
* EDMuser:                        sdai-user
* EDMgroup:                       sdai-group
* License ID and type:            5605 : Permanent license. Expiry date: 
* EDMstepFileFactory options:     010201000002
******************************************************************************************/


------------------------------------------------------------------------------------------------
 Operation terminated successfully.
------------------------------------------------------------------------------------------------

